[debug] [2025-11-29T12:50:03.381Z] ----------------------------------------------------------------------
[debug] [2025-11-29T12:50:03.387Z] Command:       C:\Program Files\nodejs\node.exe C:\Users\user\AppData\Roaming\npm\node_modules\firebase-tools\lib\bin\firebase.js deploy --only hosting
[debug] [2025-11-29T12:50:03.388Z] CLI Version:   14.24.1
[debug] [2025-11-29T12:50:03.388Z] Platform:      win32
[debug] [2025-11-29T12:50:03.388Z] Node Version:  v22.12.0
[debug] [2025-11-29T12:50:03.389Z] Time:          Sat Nov 29 2025 13:50:03 GMT+0100 (West Africa Standard Time)
[debug] [2025-11-29T12:50:03.389Z] ----------------------------------------------------------------------
[debug] 
[debug] [2025-11-29T12:50:03.800Z] > command requires scopes: ["email","openid","https://www.googleapis.com/auth/cloudplatformprojects.readonly","https://www.googleapis.com/auth/firebase","https://www.googleapis.com/auth/cloud-platform"]
[debug] [2025-11-29T12:50:03.801Z] > authorizing via signed-in user (gostoredevelopment@gmail.com)
[debug] [2025-11-29T12:50:03.801Z] [iam] checking project gostorezenterprise for permissions ["firebase.projects.get","firebasehosting.sites.update"]
[debug] [2025-11-29T12:50:03.803Z] Checked if tokens are valid: true, expires at: 1764424159002
[debug] [2025-11-29T12:50:03.803Z] Checked if tokens are valid: true, expires at: 1764424159002
[debug] [2025-11-29T12:50:03.805Z] >>> [apiv2][query] POST https://cloudresourcemanager.googleapis.com/v1/projects/gostorezenterprise:testIamPermissions [none]
[debug] [2025-11-29T12:50:03.805Z] >>> [apiv2][(partial)header] POST https://cloudresourcemanager.googleapis.com/v1/projects/gostorezenterprise:testIamPermissions x-goog-quota-user=projects/gostorezenterprise
[debug] [2025-11-29T12:50:03.806Z] >>> [apiv2][body] POST https://cloudresourcemanager.googleapis.com/v1/projects/gostorezenterprise:testIamPermissions {"permissions":["firebase.projects.get","firebasehosting.sites.update"]}
[debug] [2025-11-29T12:50:05.785Z] <<< [apiv2][status] POST https://cloudresourcemanager.googleapis.com/v1/projects/gostorezenterprise:testIamPermissions 200
[debug] [2025-11-29T12:50:05.785Z] <<< [apiv2][body] POST https://cloudresourcemanager.googleapis.com/v1/projects/gostorezenterprise:testIamPermissions {"permissions":["firebase.projects.get","firebasehosting.sites.update"]}
[debug] [2025-11-29T12:50:05.788Z] Checked if tokens are valid: true, expires at: 1764424159002
[debug] [2025-11-29T12:50:05.789Z] Checked if tokens are valid: true, expires at: 1764424159002
[debug] [2025-11-29T12:50:05.790Z] >>> [apiv2][query] GET https://firebase.googleapis.com/v1beta1/projects/gostorezenterprise [none]
[debug] [2025-11-29T12:50:08.205Z] <<< [apiv2][status] GET https://firebase.googleapis.com/v1beta1/projects/gostorezenterprise 200
[debug] [2025-11-29T12:50:08.206Z] <<< [apiv2][body] GET https://firebase.googleapis.com/v1beta1/projects/gostorezenterprise {"projectId":"gostorezenterprise","projectNumber":"311778870845","displayName":"GostorezEnterprise","name":"projects/gostorezenterprise","resources":{"hostingSite":"gostorezenterprise"},"state":"ACTIVE","etag":"1_bf043686-8d34-4331-8532-7bcb8cf8d159"}
[info] 
[info] === Deploying to 'gostorezenterprise'...
[info] 
[info] i  deploying hosting 
[debug] [2025-11-29T12:50:08.221Z] Checked if tokens are valid: true, expires at: 1764424159002
[debug] [2025-11-29T12:50:08.222Z] Checked if tokens are valid: true, expires at: 1764424159002
[debug] [2025-11-29T12:50:08.222Z] >>> [apiv2][query] POST https://firebasehosting.googleapis.com/v1beta1/projects/-/sites/gostorezenterprise/versions [none]
[debug] [2025-11-29T12:50:08.222Z] >>> [apiv2][body] POST https://firebasehosting.googleapis.com/v1beta1/projects/-/sites/gostorezenterprise/versions {"status":"CREATED","labels":{"deployment-tool":"cli-firebase"}}
[debug] [2025-11-29T12:50:11.135Z] <<< [apiv2][status] POST https://firebasehosting.googleapis.com/v1beta1/projects/-/sites/gostorezenterprise/versions 200
[debug] [2025-11-29T12:50:11.136Z] <<< [apiv2][body] POST https://firebasehosting.googleapis.com/v1beta1/projects/-/sites/gostorezenterprise/versions {"name":"projects/311778870845/sites/gostorezenterprise/versions/75f59b39be98f183","status":"CREATED","config":{},"labels":{"deployment-tool":"cli-firebase"}}
[info] i  hosting[gostorezenterprise]: beginning deploy... 
[info] i  hosting[gostorezenterprise]: found 15 files in build 
[debug] [2025-11-29T12:50:17.950Z] [hosting] uploading with 200 concurrency
[debug] [2025-11-29T12:50:17.964Z] Checked if tokens are valid: true, expires at: 1764424159002
[debug] [2025-11-29T12:50:17.964Z] Checked if tokens are valid: true, expires at: 1764424159002
[debug] [2025-11-29T12:50:17.965Z] [hosting] hash cache [YnVpbGQ] stored for 15 files
[debug] [2025-11-29T12:50:17.966Z] [hosting][hash queue][FINAL] {"max":5,"min":1,"avg":1,"active":0,"complete":15,"success":15,"errored":0,"retried":0,"total":15,"elapsed":9}
[debug] [2025-11-29T12:50:17.966Z] >>> [apiv2][query] POST https://firebasehosting.googleapis.com/v1beta1/projects/311778870845/sites/gostorezenterprise/versions/75f59b39be98f183:populateFiles [none]
[debug] [2025-11-29T12:50:17.967Z] >>> [apiv2][body] POST https://firebasehosting.googleapis.com/v1beta1/projects/311778870845/sites/gostorezenterprise/versions/75f59b39be98f183:populateFiles {"files":{"/robots.txt":"bfe106a3fb878dc83461c86818bf74fc1bdc7f28538ba613cd3e775516ce8b49","/manifest.json":"ee04fb47e525c67d8424ffe9b4d8a8a24e434504478afca4e0ca602146836d4c","/logo512.png":"212b102aa09e51b3b3e06647e81f7801a61333e171f6582e8124379aabccb41d","/logo192.png":"79e2b749561016bc8af300ea19f48347ceed3cb1a54f48ae456172eca45e08f0","/index.html":"d1bade75289f1702e18490e7285937a86e1a587ea6acd85bd4962a9b3e15ceaa","/favicon.ico":"27edce7be5922cf0bef7d4136f69b5bfbdd5bf8c13c7b026f71187d41a00aa7d","/asset-manifest.json":"8557bfa9781cf2847be21048e85b5055152fab0ee22aadb5790c335f15252258","/static/media/logo.6ce24c58023cc2f8fd88fe9d219db6c6.svg":"1ba5ab29d08b53b3c796cb7a8991d18ea9f36d9690fbd3e609681c47808a7bcb","/static/js/main.94f908db.js.map":"cd6858dc7869977125858b2da2ee46c8d61232b53008da75cb94c96d07ca5c43","/static/js/main.94f908db.js.LICENSE.txt":"b66096bc0aff35730d07b1276c55f0fb447bf3b2fb7350efa7660b2a5145f6f1","/static/js/main.94f908db.js":"8d9c6bb963c7e11413776f6612d34ef362c9cfa164c41a1c460d89ea39c02312","/static/js/453.d7446e4a.chunk.js.map":"d0f0b1fe8da2a7a871f9ba1ba4c603079dd9688d482b22bd744af45f47748405","/static/js/453.d7446e4a.chunk.js":"ed3b459831b4564d090a37ca2b3545bd909aaf4f0cdf0cbce305d50f62c56e2f","/static/css/main.06467992.css.map":"12428b9ea4fe61ebc6eba75057442525a4fdea40d889ec927283a00bb84beb38","/static/css/main.06467992.css":"020baa2d35e8c6e72a421492f5a305ff184c50c3fda1357ebec70cebf121aec7"}}
[debug] [2025-11-29T12:50:19.995Z] <<< [apiv2][status] POST https://firebasehosting.googleapis.com/v1beta1/projects/311778870845/sites/gostorezenterprise/versions/75f59b39be98f183:populateFiles 200
[debug] [2025-11-29T12:50:19.995Z] <<< [apiv2][body] POST https://firebasehosting.googleapis.com/v1beta1/projects/311778870845/sites/gostorezenterprise/versions/75f59b39be98f183:populateFiles {"uploadUrl":"https://upload-firebasehosting.googleapis.com/upload/sites/gostorezenterprise/versions/75f59b39be98f183/files"}
[debug] [2025-11-29T12:50:19.997Z] [hosting][populate queue][FINAL] {"max":2034,"min":2034,"avg":2034,"active":0,"complete":1,"success":1,"errored":0,"retried":0,"total":1,"elapsed":2034}
[debug] [2025-11-29T12:50:19.998Z] [hosting] uploads queued: 0
[debug] [2025-11-29T12:50:19.999Z] [hosting][upload queue][FINAL] {"max":0,"min":9999999999,"avg":0,"active":0,"complete":0,"success":0,"errored":0,"retried":0,"total":0,"elapsed":1764420619999}
[info] +  hosting[gostorezenterprise]: file upload complete 
[debug] [2025-11-29T12:50:20.006Z] [hosting] deploy completed after 2142ms
[debug] [2025-11-29T12:50:20.009Z] [
  {
    "config": {
      "public": "build",
      "ignore": [
        "firebase.json",
        "**/.*",
        "**/node_modules/**"
      ],
      "rewrites": [
        {
          "source": "**",
          "destination": "/index.html"
        }
      ],
      "site": "gostorezenterprise"
    },
    "version": "projects/311778870845/sites/gostorezenterprise/versions/75f59b39be98f183"
  }
]
[info] i  hosting[gostorezenterprise]: finalizing version... 
[debug] [2025-11-29T12:50:20.029Z] Checked if tokens are valid: true, expires at: 1764424159002
[debug] [2025-11-29T12:50:20.030Z] Checked if tokens are valid: true, expires at: 1764424159002
[debug] [2025-11-29T12:50:20.032Z] >>> [apiv2][query] PATCH https://firebasehosting.googleapis.com/v1beta1/projects/-/sites/gostorezenterprise/versions/75f59b39be98f183 updateMask=status%2Cconfig
[debug] [2025-11-29T12:50:20.032Z] >>> [apiv2][body] PATCH https://firebasehosting.googleapis.com/v1beta1/projects/-/sites/gostorezenterprise/versions/75f59b39be98f183 {"status":"FINALIZED","config":{"rewrites":[{"glob":"**","path":"/index.html"}]}}
[debug] [2025-11-29T12:50:20.916Z] <<< [apiv2][status] PATCH https://firebasehosting.googleapis.com/v1beta1/projects/-/sites/gostorezenterprise/versions/75f59b39be98f183 200
[debug] [2025-11-29T12:50:20.917Z] <<< [apiv2][body] PATCH https://firebasehosting.googleapis.com/v1beta1/projects/-/sites/gostorezenterprise/versions/75f59b39be98f183 {"name":"projects/311778870845/sites/gostorezenterprise/versions/75f59b39be98f183","status":"FINALIZED","config":{"rewrites":[{"glob":"**","path":"/index.html"}]},"labels":{"deployment-tool":"cli-firebase"},"createTime":"2025-11-29T12:50:11.183427Z","createUser":{"email":"gostoredevelopment@gmail.com"},"finalizeTime":"2025-11-29T12:50:21.561895Z","finalizeUser":{"email":"gostoredevelopment@gmail.com"}}
[debug] [2025-11-29T12:50:20.918Z] [hosting] finalized version for gostorezenterprise:[object Object]
[info] +  hosting[gostorezenterprise]: version finalized 
[info] i  hosting[gostorezenterprise]: releasing new version... 
[debug] [2025-11-29T12:50:20.930Z] Checked if tokens are valid: true, expires at: 1764424159002
[debug] [2025-11-29T12:50:20.931Z] Checked if tokens are valid: true, expires at: 1764424159002
[debug] [2025-11-29T12:50:20.932Z] >>> [apiv2][query] POST https://firebasehosting.googleapis.com/v1beta1/projects/-/sites/gostorezenterprise/channels/live/releases versionName=projects%2F311778870845%2Fsites%2Fgostorezenterprise%2Fversions%2F75f59b39be98f183
[debug] [2025-11-29T12:50:20.933Z] >>> [apiv2][body] POST https://firebasehosting.googleapis.com/v1beta1/projects/-/sites/gostorezenterprise/channels/live/releases {}
[debug] [2025-11-29T12:50:21.988Z] <<< [apiv2][status] POST https://firebasehosting.googleapis.com/v1beta1/projects/-/sites/gostorezenterprise/channels/live/releases 200
[debug] [2025-11-29T12:50:21.990Z] <<< [apiv2][body] POST https://firebasehosting.googleapis.com/v1beta1/projects/-/sites/gostorezenterprise/channels/live/releases {"name":"projects/311778870845/sites/gostorezenterprise/channels/live/releases/1764420621746000","version":{"name":"projects/311778870845/sites/gostorezenterprise/versions/75f59b39be98f183","status":"FINALIZED","config":{"rewrites":[{"glob":"**","path":"/index.html"}]},"labels":{"deployment-tool":"cli-firebase"},"createTime":"2025-11-29T12:50:11.183427Z","createUser":{"email":"gostoredevelopment@gmail.com","imageUrl":"https://lh3.googleusercontent.com/a/ACg8ocLgkASo8b7dgy_W10QJP27nsFfjYWKp2Dfq0KKr-NKUJ_W3=mo"},"finalizeTime":"2025-11-29T12:50:21.561895Z","finalizeUser":{"email":"gostoredevelopment@gmail.com","imageUrl":"https://lh3.googleusercontent.com/a/ACg8ocLgkASo8b7dgy_W10QJP27nsFfjYWKp2Dfq0KKr-NKUJ_W3=mo"}},"type":"DEPLOY","releaseTime":"2025-11-29T12:50:21.746Z","releaseUser":{"email":"gostoredevelopment@gmail.com","imageUrl":"https://lh3.googleusercontent.com/a/ACg8ocLgkASo8b7dgy_W10QJP27nsFfjYWKp2Dfq0KKr-NKUJ_W3=mo"}}
[debug] [2025-11-29T12:50:21.991Z] [hosting] release: {"name":"projects/311778870845/sites/gostorezenterprise/channels/live/releases/1764420621746000","version":{"name":"projects/311778870845/sites/gostorezenterprise/versions/75f59b39be98f183","status":"FINALIZED","config":{"rewrites":[{"glob":"**","path":"/index.html"}]},"labels":{"deployment-tool":"cli-firebase"},"createTime":"2025-11-29T12:50:11.183427Z","createUser":{"email":"gostoredevelopment@gmail.com","imageUrl":"https://lh3.googleusercontent.com/a/ACg8ocLgkASo8b7dgy_W10QJP27nsFfjYWKp2Dfq0KKr-NKUJ_W3=mo"},"finalizeTime":"2025-11-29T12:50:21.561895Z","finalizeUser":{"email":"gostoredevelopment@gmail.com","imageUrl":"https://lh3.googleusercontent.com/a/ACg8ocLgkASo8b7dgy_W10QJP27nsFfjYWKp2Dfq0KKr-NKUJ_W3=mo"}},"type":"DEPLOY","releaseTime":"2025-11-29T12:50:21.746Z","releaseUser":{"email":"gostoredevelopment@gmail.com","imageUrl":"https://lh3.googleusercontent.com/a/ACg8ocLgkASo8b7dgy_W10QJP27nsFfjYWKp2Dfq0KKr-NKUJ_W3=mo"}}
[info] +  hosting[gostorezenterprise]: release complete 
[info] 
[info] +  Deploy complete! 
[info] 
[info] Project Console: https://console.firebase.google.com/project/gostorezenterprise/overview
[info] Hosting URL: https://gostorezenterprise.web.app
[debug] [2025-11-29T12:50:27.876Z] Error: Timed out.
    at Timeout._onTimeout (C:\Users\user\AppData\Roaming\npm\node_modules\firebase-tools\lib\utils.js:275:49)
    at listOnTimeout (node:internal/timers:594:17)
    at process.processTimers (node:internal/timers:529:7)
[error] 
[error] Error: An unexpected error has occurred.
[debug] [2025-11-29T12:54:22.468Z] ----------------------------------------------------------------------
[debug] [2025-11-29T12:54:22.475Z] Command:       C:\Program Files\nodejs\node.exe C:\Users\user\AppData\Roaming\npm\node_modules\firebase-tools\lib\bin\firebase.js deploy --only hosting
[debug] [2025-11-29T12:54:22.476Z] CLI Version:   14.24.1
[debug] [2025-11-29T12:54:22.476Z] Platform:      win32
[debug] [2025-11-29T12:54:22.477Z] Node Version:  v22.12.0
[debug] [2025-11-29T12:54:22.477Z] Time:          Sat Nov 29 2025 13:54:22 GMT+0100 (West Africa Standard Time)
[debug] [2025-11-29T12:54:22.478Z] ----------------------------------------------------------------------
[debug] 
[debug] [2025-11-29T12:54:23.097Z] > command requires scopes: ["email","openid","https://www.googleapis.com/auth/cloudplatformprojects.readonly","https://www.googleapis.com/auth/firebase","https://www.googleapis.com/auth/cloud-platform"]
[debug] [2025-11-29T12:54:23.098Z] > authorizing via signed-in user (gostoredevelopment@gmail.com)
[debug] [2025-11-29T12:54:23.099Z] [iam] checking project gostorezenterprise for permissions ["firebase.projects.get","firebasehosting.sites.update"]
[debug] [2025-11-29T12:54:23.101Z] Checked if tokens are valid: true, expires at: 1764424159002
[debug] [2025-11-29T12:54:23.101Z] Checked if tokens are valid: true, expires at: 1764424159002
[debug] [2025-11-29T12:54:23.103Z] >>> [apiv2][query] POST https://cloudresourcemanager.googleapis.com/v1/projects/gostorezenterprise:testIamPermissions [none]
[debug] [2025-11-29T12:54:23.104Z] >>> [apiv2][(partial)header] POST https://cloudresourcemanager.googleapis.com/v1/projects/gostorezenterprise:testIamPermissions x-goog-quota-user=projects/gostorezenterprise
[debug] [2025-11-29T12:54:23.104Z] >>> [apiv2][body] POST https://cloudresourcemanager.googleapis.com/v1/projects/gostorezenterprise:testIamPermissions {"permissions":["firebase.projects.get","firebasehosting.sites.update"]}
[debug] [2025-11-29T12:54:24.440Z] <<< [apiv2][status] POST https://cloudresourcemanager.googleapis.com/v1/projects/gostorezenterprise:testIamPermissions 200
[debug] [2025-11-29T12:54:24.441Z] <<< [apiv2][body] POST https://cloudresourcemanager.googleapis.com/v1/projects/gostorezenterprise:testIamPermissions {"permissions":["firebase.projects.get","firebasehosting.sites.update"]}
[debug] [2025-11-29T12:54:24.445Z] Checked if tokens are valid: true, expires at: 1764424159002
[debug] [2025-11-29T12:54:24.445Z] Checked if tokens are valid: true, expires at: 1764424159002
[debug] [2025-11-29T12:54:24.446Z] >>> [apiv2][query] GET https://firebase.googleapis.com/v1beta1/projects/gostorezenterprise [none]
[debug] [2025-11-29T12:54:27.579Z] <<< [apiv2][status] GET https://firebase.googleapis.com/v1beta1/projects/gostorezenterprise 200
[debug] [2025-11-29T12:54:27.580Z] <<< [apiv2][body] GET https://firebase.googleapis.com/v1beta1/projects/gostorezenterprise {"projectId":"gostorezenterprise","projectNumber":"311778870845","displayName":"GostorezEnterprise","name":"projects/gostorezenterprise","resources":{"hostingSite":"gostorezenterprise"},"state":"ACTIVE","etag":"1_bf043686-8d34-4331-8532-7bcb8cf8d159"}
[info] 
[info] === Deploying to 'gostorezenterprise'...
[info] 
[info] i  deploying hosting 
[debug] [2025-11-29T12:54:27.630Z] Checked if tokens are valid: true, expires at: 1764424159002
[debug] [2025-11-29T12:54:27.631Z] Checked if tokens are valid: true, expires at: 1764424159002
[debug] [2025-11-29T12:54:27.633Z] >>> [apiv2][query] POST https://firebasehosting.googleapis.com/v1beta1/projects/-/sites/gostorezenterprise/versions [none]
[debug] [2025-11-29T12:54:27.633Z] >>> [apiv2][body] POST https://firebasehosting.googleapis.com/v1beta1/projects/-/sites/gostorezenterprise/versions {"status":"CREATED","labels":{"deployment-tool":"cli-firebase"}}
[debug] [2025-11-29T12:54:30.960Z] <<< [apiv2][status] POST https://firebasehosting.googleapis.com/v1beta1/projects/-/sites/gostorezenterprise/versions 200
[debug] [2025-11-29T12:54:30.961Z] <<< [apiv2][body] POST https://firebasehosting.googleapis.com/v1beta1/projects/-/sites/gostorezenterprise/versions {"name":"projects/311778870845/sites/gostorezenterprise/versions/9dc0151d461f3673","status":"CREATED","config":{},"labels":{"deployment-tool":"cli-firebase"}}
[info] i  hosting[gostorezenterprise]: beginning deploy... 
[info] i  hosting[gostorezenterprise]: found 15 files in build 
[debug] [2025-11-29T12:54:31.341Z] [hosting] uploading with 200 concurrency
[debug] [2025-11-29T12:54:31.354Z] Checked if tokens are valid: true, expires at: 1764424159002
[debug] [2025-11-29T12:54:31.354Z] Checked if tokens are valid: true, expires at: 1764424159002
[debug] [2025-11-29T12:54:31.356Z] [hosting] hash cache [YnVpbGQ] stored for 15 files
[debug] [2025-11-29T12:54:31.357Z] [hosting][hash queue][FINAL] {"max":5,"min":1,"avg":1,"active":0,"complete":15,"success":15,"errored":0,"retried":0,"total":15,"elapsed":10}
[debug] [2025-11-29T12:54:31.358Z] >>> [apiv2][query] POST https://firebasehosting.googleapis.com/v1beta1/projects/311778870845/sites/gostorezenterprise/versions/9dc0151d461f3673:populateFiles [none]
[debug] [2025-11-29T12:54:31.358Z] >>> [apiv2][body] POST https://firebasehosting.googleapis.com/v1beta1/projects/311778870845/sites/gostorezenterprise/versions/9dc0151d461f3673:populateFiles {"files":{"/robots.txt":"bfe106a3fb878dc83461c86818bf74fc1bdc7f28538ba613cd3e775516ce8b49","/manifest.json":"ee04fb47e525c67d8424ffe9b4d8a8a24e434504478afca4e0ca602146836d4c","/logo512.png":"212b102aa09e51b3b3e06647e81f7801a61333e171f6582e8124379aabccb41d","/logo192.png":"79e2b749561016bc8af300ea19f48347ceed3cb1a54f48ae456172eca45e08f0","/index.html":"d1bade75289f1702e18490e7285937a86e1a587ea6acd85bd4962a9b3e15ceaa","/favicon.ico":"27edce7be5922cf0bef7d4136f69b5bfbdd5bf8c13c7b026f71187d41a00aa7d","/asset-manifest.json":"8557bfa9781cf2847be21048e85b5055152fab0ee22aadb5790c335f15252258","/static/media/logo.6ce24c58023cc2f8fd88fe9d219db6c6.svg":"1ba5ab29d08b53b3c796cb7a8991d18ea9f36d9690fbd3e609681c47808a7bcb","/static/js/main.94f908db.js.map":"cd6858dc7869977125858b2da2ee46c8d61232b53008da75cb94c96d07ca5c43","/static/js/main.94f908db.js.LICENSE.txt":"b66096bc0aff35730d07b1276c55f0fb447bf3b2fb7350efa7660b2a5145f6f1","/static/js/main.94f908db.js":"8d9c6bb963c7e11413776f6612d34ef362c9cfa164c41a1c460d89ea39c02312","/static/js/453.d7446e4a.chunk.js.map":"d0f0b1fe8da2a7a871f9ba1ba4c603079dd9688d482b22bd744af45f47748405","/static/js/453.d7446e4a.chunk.js":"ed3b459831b4564d090a37ca2b3545bd909aaf4f0cdf0cbce305d50f62c56e2f","/static/css/main.06467992.css.map":"12428b9ea4fe61ebc6eba75057442525a4fdea40d889ec927283a00bb84beb38","/static/css/main.06467992.css":"020baa2d35e8c6e72a421492f5a305ff184c50c3fda1357ebec70cebf121aec7"}}
[debug] [2025-11-29T12:54:31.874Z] <<< [apiv2][status] POST https://firebasehosting.googleapis.com/v1beta1/projects/311778870845/sites/gostorezenterprise/versions/9dc0151d461f3673:populateFiles 200
[debug] [2025-11-29T12:54:31.874Z] <<< [apiv2][body] POST https://firebasehosting.googleapis.com/v1beta1/projects/311778870845/sites/gostorezenterprise/versions/9dc0151d461f3673:populateFiles {"uploadUrl":"https://upload-firebasehosting.googleapis.com/upload/sites/gostorezenterprise/versions/9dc0151d461f3673/files"}
[debug] [2025-11-29T12:54:31.875Z] [hosting][populate queue][FINAL] {"max":521,"min":521,"avg":521,"active":0,"complete":1,"success":1,"errored":0,"retried":0,"total":1,"elapsed":521}
[debug] [2025-11-29T12:54:31.875Z] [hosting] uploads queued: 0
[debug] [2025-11-29T12:54:31.876Z] [hosting][upload queue][FINAL] {"max":0,"min":9999999999,"avg":0,"active":0,"complete":0,"success":0,"errored":0,"retried":0,"total":0,"elapsed":1764420871876}
[info] +  hosting[gostorezenterprise]: file upload complete 
[debug] [2025-11-29T12:54:31.879Z] [hosting] deploy completed after 588ms
[debug] [2025-11-29T12:54:31.880Z] [
  {
    "config": {
      "public": "build",
      "ignore": [
        "firebase.json",
        "**/.*",
        "**/node_modules/**"
      ],
      "rewrites": [
        {
          "source": "**",
          "destination": "/index.html"
        }
      ],
      "site": "gostorezenterprise"
    },
    "version": "projects/311778870845/sites/gostorezenterprise/versions/9dc0151d461f3673"
  }
]
[info] i  hosting[gostorezenterprise]: finalizing version... 
[debug] [2025-11-29T12:54:31.889Z] Checked if tokens are valid: true, expires at: 1764424159002
[debug] [2025-11-29T12:54:31.890Z] Checked if tokens are valid: true, expires at: 1764424159002
[debug] [2025-11-29T12:54:31.891Z] >>> [apiv2][query] PATCH https://firebasehosting.googleapis.com/v1beta1/projects/-/sites/gostorezenterprise/versions/9dc0151d461f3673 updateMask=status%2Cconfig
[debug] [2025-11-29T12:54:31.892Z] >>> [apiv2][body] PATCH https://firebasehosting.googleapis.com/v1beta1/projects/-/sites/gostorezenterprise/versions/9dc0151d461f3673 {"status":"FINALIZED","config":{"rewrites":[{"glob":"**","path":"/index.html"}]}}
[debug] [2025-11-29T12:54:33.233Z] <<< [apiv2][status] PATCH https://firebasehosting.googleapis.com/v1beta1/projects/-/sites/gostorezenterprise/versions/9dc0151d461f3673 200
[debug] [2025-11-29T12:54:33.234Z] <<< [apiv2][body] PATCH https://firebasehosting.googleapis.com/v1beta1/projects/-/sites/gostorezenterprise/versions/9dc0151d461f3673 {"name":"projects/311778870845/sites/gostorezenterprise/versions/9dc0151d461f3673","status":"FINALIZED","config":{"rewrites":[{"glob":"**","path":"/index.html"}]},"labels":{"deployment-tool":"cli-firebase"},"createTime":"2025-11-29T12:54:31.049398Z","createUser":{"email":"gostoredevelopment@gmail.com"},"finalizeTime":"2025-11-29T12:54:33.072987Z","finalizeUser":{"email":"gostoredevelopment@gmail.com"}}
[debug] [2025-11-29T12:54:33.235Z] [hosting] finalized version for gostorezenterprise:[object Object]
[info] +  hosting[gostorezenterprise]: version finalized 
[info] i  hosting[gostorezenterprise]: releasing new version... 
[debug] [2025-11-29T12:54:33.241Z] Checked if tokens are valid: true, expires at: 1764424159002
[debug] [2025-11-29T12:54:33.241Z] Checked if tokens are valid: true, expires at: 1764424159002
[debug] [2025-11-29T12:54:33.242Z] >>> [apiv2][query] POST https://firebasehosting.googleapis.com/v1beta1/projects/-/sites/gostorezenterprise/channels/live/releases versionName=projects%2F311778870845%2Fsites%2Fgostorezenterprise%2Fversions%2F9dc0151d461f3673
[debug] [2025-11-29T12:54:33.242Z] >>> [apiv2][body] POST https://firebasehosting.googleapis.com/v1beta1/projects/-/sites/gostorezenterprise/channels/live/releases {}
[debug] [2025-11-29T12:54:33.941Z] <<< [apiv2][status] POST https://firebasehosting.googleapis.com/v1beta1/projects/-/sites/gostorezenterprise/channels/live/releases 200
[debug] [2025-11-29T12:54:33.942Z] <<< [apiv2][body] POST https://firebasehosting.googleapis.com/v1beta1/projects/-/sites/gostorezenterprise/channels/live/releases {"name":"projects/311778870845/sites/gostorezenterprise/channels/live/releases/1764420873947000","version":{"name":"projects/311778870845/sites/gostorezenterprise/versions/9dc0151d461f3673","status":"FINALIZED","config":{"rewrites":[{"glob":"**","path":"/index.html"}]},"labels":{"deployment-tool":"cli-firebase"},"createTime":"2025-11-29T12:54:31.049398Z","createUser":{"email":"gostoredevelopment@gmail.com","imageUrl":"https://lh3.googleusercontent.com/a/ACg8ocLgkASo8b7dgy_W10QJP27nsFfjYWKp2Dfq0KKr-NKUJ_W3=mo"},"finalizeTime":"2025-11-29T12:54:33.072987Z","finalizeUser":{"email":"gostoredevelopment@gmail.com","imageUrl":"https://lh3.googleusercontent.com/a/ACg8ocLgkASo8b7dgy_W10QJP27nsFfjYWKp2Dfq0KKr-NKUJ_W3=mo"}},"type":"DEPLOY","releaseTime":"2025-11-29T12:54:33.947Z","releaseUser":{"email":"gostoredevelopment@gmail.com","imageUrl":"https://lh3.googleusercontent.com/a/ACg8ocLgkASo8b7dgy_W10QJP27nsFfjYWKp2Dfq0KKr-NKUJ_W3=mo"}}
[debug] [2025-11-29T12:54:33.943Z] [hosting] release: {"name":"projects/311778870845/sites/gostorezenterprise/channels/live/releases/1764420873947000","version":{"name":"projects/311778870845/sites/gostorezenterprise/versions/9dc0151d461f3673","status":"FINALIZED","config":{"rewrites":[{"glob":"**","path":"/index.html"}]},"labels":{"deployment-tool":"cli-firebase"},"createTime":"2025-11-29T12:54:31.049398Z","createUser":{"email":"gostoredevelopment@gmail.com","imageUrl":"https://lh3.googleusercontent.com/a/ACg8ocLgkASo8b7dgy_W10QJP27nsFfjYWKp2Dfq0KKr-NKUJ_W3=mo"},"finalizeTime":"2025-11-29T12:54:33.072987Z","finalizeUser":{"email":"gostoredevelopment@gmail.com","imageUrl":"https://lh3.googleusercontent.com/a/ACg8ocLgkASo8b7dgy_W10QJP27nsFfjYWKp2Dfq0KKr-NKUJ_W3=mo"}},"type":"DEPLOY","releaseTime":"2025-11-29T12:54:33.947Z","releaseUser":{"email":"gostoredevelopment@gmail.com","imageUrl":"https://lh3.googleusercontent.com/a/ACg8ocLgkASo8b7dgy_W10QJP27nsFfjYWKp2Dfq0KKr-NKUJ_W3=mo"}}
[info] +  hosting[gostorezenterprise]: release complete 
[info] 
[info] +  Deploy complete! 
[info] 
[info] Project Console: https://console.firebase.google.com/project/gostorezenterprise/overview
[info] Hosting URL: https://gostorezenterprise.web.app
[debug] [2025-11-29T12:54:44.022Z] Error: Timed out.
    at Timeout._onTimeout (C:\Users\user\AppData\Roaming\npm\node_modules\firebase-tools\lib\utils.js:275:49)
    at listOnTimeout (node:internal/timers:594:17)
    at process.processTimers (node:internal/timers:529:7)
[error] 
[error] Error: An unexpected error has occurred.
